[GIN-debug] POST   /api/v1/pic_paste_notify  --> journey/alitools/api/controllers.PicPasteController.Notify-fm (4 handlers)
[GIN-debug] POST   /api/v1/user/login        --> journey/alitools/api/controllers.UserController.UserLogin-fm (4 handlers)
[GIN-debug] POST   /api/v1/user/register     --> journey/alitools/api/controllers.UserController.UserRegister-fm (4 handlers)
[GIN-debug] GET    /api/v1/send_email_code   --> journey/alitools/api/controllers.UserController.SendEmailCode-fm (4 handlers)
[GIN-debug] POST   /api/v1/forget_password_reset --> journey/alitools/api/controllers.UserController.ForgetPasswordReset-fm (4 handlers)
[GIN-debug] POST   /api/v1/check_system_update --> journey/alitools/api/controllers.SystemController.CheckSystemUpdate-fm (4 handlers)
[GIN-debug] GET    /api/v1/current_latest_version --> journey/alitools/api/controllers.SystemController.CurrentLatestVersion-fm (4 handlers)
[GIN-debug] GET    /api/v1/tools_list        --> journey/alitools/api/controllers.ToolsController.GetToolsList-fm (4 handlers)
[GIN-debug] GET    /api/v1/cate_tools_list   --> journey/alitools/api/controllers.CategoryController.GetCategoryToolsList-fm (4 handlers)
[GIN-debug] GET    /api/v1/category/list     --> journey/alitools/api/controllers.CategoryController.GetCategoryList-fm (4 handlers)
[GIN-debug] GET    /api/v1/vip_level_list    --> journey/alitools/api/controllers.VipLevelController.GetVipLevelList-fm (4 handlers)
[GIN-debug] GET    /api/v1/system_update_log --> journey/alitools/api/controllers.SystemController.SystemUpdateLog-fm (4 handlers)
[GIN-debug] POST   /api/v1/upload            --> journey/alitools/api/controllers.UploadController.UploadFile-fm (5 handlers)
[GIN-debug] GET    /api/v1/user              --> journey/alitools/api/controllers.UserController.GetUserByID-fm (5 handlers)
[GIN-debug] POST   /api/v1/user/logout       --> journey/alitools/api/controllers.UserController.UserLogout-fm (5 handlers)
[GIN-debug] POST   /api/v1/user/edit         --> journey/alitools/api/controllers.UserController.EditUserProfile-fm (5 handlers)
[GIN-debug] POST   /api/v1/user/edit/password --> journey/alitools/api/controllers.UserController.EditUserPassword-fm (5 handlers)
[GIN-debug] POST   /api/v1/pic/paste         --> journey/alitools/api/controllers.PicPasteController.PicPaste-fm (5 handlers)
[GIN-debug] POST   /api/v1/pic_paste_debug   --> journey/alitools/api/controllers.PicPasteController.Debug-fm (5 handlers)
[GIN-debug] GET    /api/v1/user_pic_paste_strategy_list --> journey/alitools/api/controllers.UserPicPasteStrategyController.GetUserPicPasteStrategyList-fm (5 handlers)
[GIN-debug] POST   /api/v1/user_pic_paste_strategy_save --> journey/alitools/api/controllers.UserPicPasteStrategyController.SaveUserPicPasteStrategy-fm (5 handlers)
[GIN-debug] DELETE /api/v1/user_pic_paste_strategy_delete/:id --> journey/alitools/api/controllers.UserPicPasteStrategyController.DeleteUserPicPasteStrategy-fm (5 handlers)
[GIN-debug] GET    /api/v1/user_use_log      --> journey/alitools/api/controllers.UserUseLogController.GetUserUseLogList-fm (5 handlers)
[GIN-debug] GET    /api/v1/user_task_log     --> journey/alitools/api/controllers.UserTaskLogController.GetUserTaskLogList-fm (5 handlers)
[GIN-debug] POST   /api/v1/feedback          --> journey/alitools/api/controllers.SystemController.FeedBack-fm (5 handlers)
[GIN-debug] GET    /static/*filepath         --> github.com/gin-gonic/gin.(*RouterGroup).createStaticHandler.func1 (4 handlers)
[GIN-debug] HEAD   /static/*filepath         --> github.com/gin-gonic/gin.(*RouterGroup).createStaticHandler.func1 (4 handlers)
[GIN-debug] [WARNING] You trusted all proxies, this is NOT safe. We recommend you to set a value.
Please check https://pkg.go.dev/github.com/gin-gonic/gin#readme-don-t-trust-all-proxies for details.
[GIN-debug] Listening and serving HTTP on :8083
